Using pre-set license
Built from '2020.3/staging' branch; Version is '2020.3.11f1 (99c7afb366b3) revision 10078127'; Using compiler version '192528614'; Build Type 'Release'
OS: 'Windows 10 Pro; OS build 19043.1288; Version 2009; 64bit' Language: 'en' Physical Memory: 16281 MB
BatchMode: 1, IsHumanControllingUs: 0, StartBugReporterOnCrash: 0, Is64bit: 1, IsPro: 0

 COMMAND LINE ARGUMENTS:
C:\Program Files\Unity\Hub\Editor\2020.3.11f1\Editor\Unity.exe
-adb2
-batchMode
-noUpm
-name
AssetImportWorker0
-projectPath
C:/Users/Happye/Desktop/stuff/unity_projects/TetrisGL
-logFile
Logs/AssetImportWorker0.log
-srvPort
58334
Successfully changed project path to: C:/Users/Happye/Desktop/stuff/unity_projects/TetrisGL
C:/Users/Happye/Desktop/stuff/unity_projects/TetrisGL
Using Asset Import Pipeline V2.
Refreshing native plugins compatible for Editor in 32.09 ms, found 3 plugins.
Preloading 0 native plugins for Editor in 0.00 ms.
Initialize engine version: 2020.3.11f1 (99c7afb366b3)
[Subsystems] Discovering subsystems at path C:/Program Files/Unity/Hub/Editor/2020.3.11f1/Editor/Data/Resources/UnitySubsystems
[Subsystems] Discovering subsystems at path C:/Users/Happye/Desktop/stuff/unity_projects/TetrisGL/Assets
GfxDevice: creating device client; threaded=0
Direct3D:
    Version:  Direct3D 11.0 [level 11.1]
    Renderer: NVIDIA GeForce GTX 1060 3GB (ID=0x1c02)
    Vendor:   
    VRAM:     2988 MB
    Driver:   30.0.14.7168
Initialize mono
Mono path[0] = 'C:/Program Files/Unity/Hub/Editor/2020.3.11f1/Editor/Data/Managed'
Mono path[1] = 'C:/Program Files/Unity/Hub/Editor/2020.3.11f1/Editor/Data/MonoBleedingEdge/lib/mono/unityjit'
Mono config path = 'C:/Program Files/Unity/Hub/Editor/2020.3.11f1/Editor/Data/MonoBleedingEdge/etc'
Using monoOptions --debugger-agent=transport=dt_socket,embedding=1,server=y,suspend=n,address=127.0.0.1:56108
Begin MonoManager ReloadAssembly
Registering precompiled unity dll's ...
Register platform support module: C:/Program Files/Unity/Hub/Editor/2020.3.11f1/Editor/Data/PlaybackEngines/WebGLSupport/UnityEditor.WebGL.Extensions.dll
Register platform support module: C:/Program Files/Unity/Hub/Editor/2020.3.11f1/Editor/Data/PlaybackEngines/WindowsStandaloneSupport/UnityEditor.WindowsStandalone.Extensions.dll
Registered in 0.001719 seconds.
Native extension for WindowsStandalone target not found
Native extension for WebGL target not found
Refreshing native plugins compatible for Editor in 31.16 ms, found 3 plugins.
Preloading 0 native plugins for Editor in 0.00 ms.
Mono: successfully reloaded assembly
- Completed reload, in  0.882 seconds
Platform modules already initialized, skipping
Registering precompiled user dll's ...
Registered in 0.003181 seconds.
Begin MonoManager ReloadAssembly
Native extension for WindowsStandalone target not found
Native extension for WebGL target not found
Refreshing native plugins compatible for Editor in 31.86 ms, found 3 plugins.
Preloading 0 native plugins for Editor in 0.00 ms.
Mono: successfully reloaded assembly
- Completed reload, in  0.888 seconds
Platform modules already initialized, skipping
========================================================================
Worker process is ready to serve import requests
Launched and connected shader compiler UnityShaderCompiler.exe after 0.03 seconds
Refreshing native plugins compatible for Editor in 0.33 ms, found 3 plugins.
Preloading 0 native plugins for Editor in 0.00 ms.
Unloading 2084 Unused Serialized files (Serialized files now loaded: 0)
System memory in use before: 93.0 MB.
System memory in use after: 92.9 MB.

Unloading 33 unused Assets to reduce memory usage. Loaded Objects now: 2518.
Total: 1.790000 ms (FindLiveObjects: 0.168600 ms CreateObjectMapping: 0.080000 ms MarkObjects: 1.444900 ms  DeleteObjects: 0.095700 ms)

========================================================================
Received Import Request.
  path: Assets/Scripts/TetrisController.cs
  artifactKey: Guid(a3836421632e55b4989b98d6b321fd9f) Importer(815301076,1909f56bfc062723c751e8b465ee728b)
Start importing Assets/Scripts/TetrisController.cs using Guid(a3836421632e55b4989b98d6b321fd9f) Importer(815301076,1909f56bfc062723c751e8b465ee728b)  -> (artifact id: '815049f4eec52722d881ffe10cf59c7d') in 0.035227 seconds
  Import took 0.037739 seconds .

========================================================================
Received Import Request.
  Time since last request: 32.605971 seconds.
  path: Assets/Scripts/TetrisController.cs
  artifactKey: Guid(a3836421632e55b4989b98d6b321fd9f) Importer(815301076,1909f56bfc062723c751e8b465ee728b)
Start importing Assets/Scripts/TetrisController.cs using Guid(a3836421632e55b4989b98d6b321fd9f) Importer(815301076,1909f56bfc062723c751e8b465ee728b)  -> (artifact id: '461a32f3787974f2c6b0b4fce5c01d73') in 0.002557 seconds
  Import took 0.005198 seconds .

========================================================================
Received Import Request.
  Time since last request: 0.000483 seconds.
  path: Assets/Scripts/TetrisController.cs
  artifactKey: Guid(a3836421632e55b4989b98d6b321fd9f) Importer(815301076,1909f56bfc062723c751e8b465ee728b)
Start importing Assets/Scripts/TetrisController.cs using Guid(a3836421632e55b4989b98d6b321fd9f) Importer(815301076,1909f56bfc062723c751e8b465ee728b)  -> (artifact id: '461a32f3787974f2c6b0b4fce5c01d73') in 0.002165 seconds
  Import took 0.004452 seconds .

========================================================================
Received Prepare
Registering precompiled user dll's ...
Registered in 0.002767 seconds.
Begin MonoManager ReloadAssembly
Native extension for WindowsStandalone target not found
Native extension for WebGL target not found
Refreshing native plugins compatible for Editor in 0.34 ms, found 3 plugins.
Preloading 0 native plugins for Editor in 0.00 ms.
Mono: successfully reloaded assembly
- Completed reload, in  0.801 seconds
Platform modules already initialized, skipping
Refreshing native plugins compatible for Editor in 0.33 ms, found 3 plugins.
Preloading 0 native plugins for Editor in 0.00 ms.
Unloading 2079 Unused Serialized files (Serialized files now loaded: 0)
System memory in use before: 92.9 MB.
System memory in use after: 92.9 MB.

Unloading 21 unused Assets to reduce memory usage. Loaded Objects now: 2522.
Total: 1.678100 ms (FindLiveObjects: 0.149700 ms CreateObjectMapping: 0.063700 ms MarkObjects: 1.390800 ms  DeleteObjects: 0.073100 ms)

========================================================================
Received Prepare
Registering precompiled user dll's ...
Registered in 0.002974 seconds.
Begin MonoManager ReloadAssembly
Native extension for WindowsStandalone target not found
Native extension for WebGL target not found
Refreshing native plugins compatible for Editor in 0.34 ms, found 3 plugins.
Preloading 0 native plugins for Editor in 0.00 ms.
Mono: successfully reloaded assembly
- Completed reload, in  0.788 seconds
Platform modules already initialized, skipping
Refreshing native plugins compatible for Editor in 0.35 ms, found 3 plugins.
Preloading 0 native plugins for Editor in 0.00 ms.
Unloading 2079 Unused Serialized files (Serialized files now loaded: 0)
System memory in use before: 93.0 MB.
System memory in use after: 92.9 MB.

Unloading 21 unused Assets to reduce memory usage. Loaded Objects now: 2526.
Total: 1.764200 ms (FindLiveObjects: 0.170800 ms CreateObjectMapping: 0.072000 ms MarkObjects: 1.426200 ms  DeleteObjects: 0.094000 ms)

========================================================================
Received Import Request.
  Time since last request: 293.743800 seconds.
  path: Assets/Scripts/TetrisController.cs
  artifactKey: Guid(a3836421632e55b4989b98d6b321fd9f) Importer(815301076,1909f56bfc062723c751e8b465ee728b)
Start importing Assets/Scripts/TetrisController.cs using Guid(a3836421632e55b4989b98d6b321fd9f) Importer(815301076,1909f56bfc062723c751e8b465ee728b)  -> (artifact id: '29915606e933c2fd4ded2af6ffc891aa') in 0.003410 seconds
  Import took 0.005690 seconds .

========================================================================
Received Prepare
Registering precompiled user dll's ...
Registered in 0.003244 seconds.
Begin MonoManager ReloadAssembly
Native extension for WindowsStandalone target not found
Native extension for WebGL target not found
Refreshing native plugins compatible for Editor in 0.35 ms, found 3 plugins.
Preloading 0 native plugins for Editor in 0.00 ms.
Mono: successfully reloaded assembly
- Completed reload, in  0.777 seconds
Platform modules already initialized, skipping
Refreshing native plugins compatible for Editor in 0.34 ms, found 3 plugins.
Preloading 0 native plugins for Editor in 0.00 ms.
Unloading 2079 Unused Serialized files (Serialized files now loaded: 0)
System memory in use before: 93.0 MB.
System memory in use after: 93.0 MB.

Unloading 21 unused Assets to reduce memory usage. Loaded Objects now: 2530.
Total: 1.791800 ms (FindLiveObjects: 0.160300 ms CreateObjectMapping: 0.078700 ms MarkObjects: 1.473800 ms  DeleteObjects: 0.078300 ms)

========================================================================
Received Import Request.
  Time since last request: 9.387530 seconds.
  path: Assets/Scripts/TetrisController.cs
  artifactKey: Guid(a3836421632e55b4989b98d6b321fd9f) Importer(815301076,1909f56bfc062723c751e8b465ee728b)
Start importing Assets/Scripts/TetrisController.cs using Guid(a3836421632e55b4989b98d6b321fd9f) Importer(815301076,1909f56bfc062723c751e8b465ee728b)  -> (artifact id: '81cc6bb4c7cae32dc1f001088af6726a') in 0.003361 seconds
  Import took 0.005758 seconds .

========================================================================
Received Import Request.
  Time since last request: 0.001418 seconds.
  path: Assets/Scripts/TetrisController.cs
  artifactKey: Guid(a3836421632e55b4989b98d6b321fd9f) Importer(815301076,1909f56bfc062723c751e8b465ee728b)
Start importing Assets/Scripts/TetrisController.cs using Guid(a3836421632e55b4989b98d6b321fd9f) Importer(815301076,1909f56bfc062723c751e8b465ee728b)  -> (artifact id: '81cc6bb4c7cae32dc1f001088af6726a') in 0.001453 seconds
  Import took 0.003952 seconds .

========================================================================
Received Prepare
Registering precompiled user dll's ...
Registered in 0.002736 seconds.
Begin MonoManager ReloadAssembly
Native extension for WindowsStandalone target not found
Native extension for WebGL target not found
Refreshing native plugins compatible for Editor in 0.34 ms, found 3 plugins.
Preloading 0 native plugins for Editor in 0.00 ms.
Mono: successfully reloaded assembly
- Completed reload, in  0.787 seconds
Platform modules already initialized, skipping
Refreshing native plugins compatible for Editor in 0.34 ms, found 3 plugins.
Preloading 0 native plugins for Editor in 0.00 ms.
Unloading 2079 Unused Serialized files (Serialized files now loaded: 0)
System memory in use before: 93.0 MB.
System memory in use after: 93.0 MB.

Unloading 21 unused Assets to reduce memory usage. Loaded Objects now: 2534.
Total: 1.651500 ms (FindLiveObjects: 0.144600 ms CreateObjectMapping: 0.064600 ms MarkObjects: 1.366800 ms  DeleteObjects: 0.074900 ms)

========================================================================
Received Prepare
Registering precompiled user dll's ...
Registered in 0.002780 seconds.
Begin MonoManager ReloadAssembly
Native extension for WindowsStandalone target not found
Native extension for WebGL target not found
Refreshing native plugins compatible for Editor in 0.56 ms, found 3 plugins.
Preloading 0 native plugins for Editor in 0.00 ms.
Mono: successfully reloaded assembly
- Completed reload, in  0.790 seconds
Platform modules already initialized, skipping
Refreshing native plugins compatible for Editor in 0.36 ms, found 3 plugins.
Preloading 0 native plugins for Editor in 0.00 ms.
Unloading 2079 Unused Serialized files (Serialized files now loaded: 0)
System memory in use before: 93.0 MB.
System memory in use after: 93.0 MB.

Unloading 21 unused Assets to reduce memory usage. Loaded Objects now: 2538.
Total: 1.806300 ms (FindLiveObjects: 0.146300 ms CreateObjectMapping: 0.065100 ms MarkObjects: 1.511400 ms  DeleteObjects: 0.082800 ms)

========================================================================
Received Prepare
Registering precompiled user dll's ...
Registered in 0.002783 seconds.
Begin MonoManager ReloadAssembly
Native extension for WindowsStandalone target not found
Native extension for WebGL target not found
Refreshing native plugins compatible for Editor in 0.34 ms, found 3 plugins.
Preloading 0 native plugins for Editor in 0.00 ms.
Mono: successfully reloaded assembly
- Completed reload, in  0.776 seconds
Platform modules already initialized, skipping
Refreshing native plugins compatible for Editor in 0.34 ms, found 3 plugins.
Preloading 0 native plugins for Editor in 0.00 ms.
Unloading 2079 Unused Serialized files (Serialized files now loaded: 0)
System memory in use before: 93.0 MB.
System memory in use after: 93.0 MB.

Unloading 21 unused Assets to reduce memory usage. Loaded Objects now: 2542.
Total: 1.609600 ms (FindLiveObjects: 0.143600 ms CreateObjectMapping: 0.065500 ms MarkObjects: 1.323700 ms  DeleteObjects: 0.076100 ms)

========================================================================
Received Import Request.
  Time since last request: 199.975523 seconds.
  path: Assets/Scripts/TetrisController.cs
  artifactKey: Guid(a3836421632e55b4989b98d6b321fd9f) Importer(815301076,1909f56bfc062723c751e8b465ee728b)
Start importing Assets/Scripts/TetrisController.cs using Guid(a3836421632e55b4989b98d6b321fd9f) Importer(815301076,1909f56bfc062723c751e8b465ee728b)  -> (artifact id: 'c937d1a1dd489504ee1bf0c4a3587548') in 0.003689 seconds
  Import took 0.006233 seconds .

========================================================================
Received Import Request.
  Time since last request: 0.001267 seconds.
  path: Assets/Scripts/TetrisController.cs
  artifactKey: Guid(a3836421632e55b4989b98d6b321fd9f) Importer(815301076,1909f56bfc062723c751e8b465ee728b)
Start importing Assets/Scripts/TetrisController.cs using Guid(a3836421632e55b4989b98d6b321fd9f) Importer(815301076,1909f56bfc062723c751e8b465ee728b)  -> (artifact id: 'c937d1a1dd489504ee1bf0c4a3587548') in 0.001458 seconds
  Import took 0.003764 seconds .

========================================================================
Received Prepare
Registering precompiled user dll's ...
Registered in 0.002884 seconds.
Begin MonoManager ReloadAssembly
Native extension for WindowsStandalone target not found
Native extension for WebGL target not found
Refreshing native plugins compatible for Editor in 0.34 ms, found 3 plugins.
Preloading 0 native plugins for Editor in 0.00 ms.
Mono: successfully reloaded assembly
- Completed reload, in  0.771 seconds
Platform modules already initialized, skipping
Refreshing native plugins compatible for Editor in 0.33 ms, found 3 plugins.
Preloading 0 native plugins for Editor in 0.00 ms.
Unloading 2079 Unused Serialized files (Serialized files now loaded: 0)
System memory in use before: 93.0 MB.
System memory in use after: 93.0 MB.

Unloading 21 unused Assets to reduce memory usage. Loaded Objects now: 2546.
Total: 1.696200 ms (FindLiveObjects: 0.172000 ms CreateObjectMapping: 0.081900 ms MarkObjects: 1.367300 ms  DeleteObjects: 0.074300 ms)

========================================================================
Received Import Request.
  Time since last request: 22.440103 seconds.
  path: Assets/Scripts/TetrisController.cs
  artifactKey: Guid(a3836421632e55b4989b98d6b321fd9f) Importer(815301076,1909f56bfc062723c751e8b465ee728b)
Start importing Assets/Scripts/TetrisController.cs using Guid(a3836421632e55b4989b98d6b321fd9f) Importer(815301076,1909f56bfc062723c751e8b465ee728b)  -> (artifact id: 'c5ad6db395933655326ce3a47be16f67') in 0.003571 seconds
  Import took 0.005962 seconds .

========================================================================
Received Import Request.
  Time since last request: 0.001317 seconds.
  path: Assets/Scripts/TetrisController.cs
  artifactKey: Guid(a3836421632e55b4989b98d6b321fd9f) Importer(815301076,1909f56bfc062723c751e8b465ee728b)
Start importing Assets/Scripts/TetrisController.cs using Guid(a3836421632e55b4989b98d6b321fd9f) Importer(815301076,1909f56bfc062723c751e8b465ee728b)  -> (artifact id: 'c5ad6db395933655326ce3a47be16f67') in 0.001596 seconds
  Import took 0.004168 seconds .

========================================================================
Received Prepare
Registering precompiled user dll's ...
Registered in 0.003032 seconds.
Begin MonoManager ReloadAssembly
Native extension for WindowsStandalone target not found
Native extension for WebGL target not found
Refreshing native plugins compatible for Editor in 0.34 ms, found 3 plugins.
Preloading 0 native plugins for Editor in 0.00 ms.
Mono: successfully reloaded assembly
- Completed reload, in  0.780 seconds
Platform modules already initialized, skipping
Refreshing native plugins compatible for Editor in 0.34 ms, found 3 plugins.
Preloading 0 native plugins for Editor in 0.00 ms.
Unloading 2079 Unused Serialized files (Serialized files now loaded: 0)
System memory in use before: 93.1 MB.
System memory in use after: 93.0 MB.

Unloading 21 unused Assets to reduce memory usage. Loaded Objects now: 2550.
Total: 1.674400 ms (FindLiveObjects: 0.148000 ms CreateObjectMapping: 0.063700 ms MarkObjects: 1.386500 ms  DeleteObjects: 0.075400 ms)

========================================================================
Received Import Request.
  Time since last request: 40.501532 seconds.
  path: Assets/Scripts/TetrisController.cs
  artifactKey: Guid(a3836421632e55b4989b98d6b321fd9f) Importer(815301076,1909f56bfc062723c751e8b465ee728b)
Start importing Assets/Scripts/TetrisController.cs using Guid(a3836421632e55b4989b98d6b321fd9f) Importer(815301076,1909f56bfc062723c751e8b465ee728b)  -> (artifact id: '27f16026fd79152a6d53df64b6e6293a') in 0.003485 seconds
  Import took 0.006031 seconds .

========================================================================
Received Import Request.
  Time since last request: 0.001454 seconds.
  path: Assets/Scripts/TetrisController.cs
  artifactKey: Guid(a3836421632e55b4989b98d6b321fd9f) Importer(815301076,1909f56bfc062723c751e8b465ee728b)
Start importing Assets/Scripts/TetrisController.cs using Guid(a3836421632e55b4989b98d6b321fd9f) Importer(815301076,1909f56bfc062723c751e8b465ee728b)  -> (artifact id: '27f16026fd79152a6d53df64b6e6293a') in 0.001482 seconds
  Import took 0.003820 seconds .

========================================================================
Received Prepare
Registering precompiled user dll's ...
Registered in 0.002887 seconds.
Begin MonoManager ReloadAssembly
Native extension for WindowsStandalone target not found
Native extension for WebGL target not found
Refreshing native plugins compatible for Editor in 0.33 ms, found 3 plugins.
Preloading 0 native plugins for Editor in 0.00 ms.
Mono: successfully reloaded assembly
- Completed reload, in  0.778 seconds
Platform modules already initialized, skipping
Refreshing native plugins compatible for Editor in 0.34 ms, found 3 plugins.
Preloading 0 native plugins for Editor in 0.00 ms.
Unloading 2079 Unused Serialized files (Serialized files now loaded: 0)
System memory in use before: 93.1 MB.
System memory in use after: 93.0 MB.

Unloading 21 unused Assets to reduce memory usage. Loaded Objects now: 2554.
Total: 1.652800 ms (FindLiveObjects: 0.151700 ms CreateObjectMapping: 0.066900 ms MarkObjects: 1.360800 ms  DeleteObjects: 0.073000 ms)

========================================================================
Received Prepare
Registering precompiled user dll's ...
Registered in 0.002978 seconds.
Begin MonoManager ReloadAssembly
Native extension for WindowsStandalone target not found
Native extension for WebGL target not found
Refreshing native plugins compatible for Editor in 0.33 ms, found 3 plugins.
Preloading 0 native plugins for Editor in 0.00 ms.
Mono: successfully reloaded assembly
- Completed reload, in  0.793 seconds
Platform modules already initialized, skipping
Refreshing native plugins compatible for Editor in 0.34 ms, found 3 plugins.
Preloading 0 native plugins for Editor in 0.00 ms.
Unloading 2079 Unused Serialized files (Serialized files now loaded: 0)
System memory in use before: 93.1 MB.
System memory in use after: 93.0 MB.

Unloading 21 unused Assets to reduce memory usage. Loaded Objects now: 2558.
Total: 1.637200 ms (FindLiveObjects: 0.146800 ms CreateObjectMapping: 0.065300 ms MarkObjects: 1.347000 ms  DeleteObjects: 0.077400 ms)

========================================================================
Received Import Request.
  Time since last request: 330.310116 seconds.
  path: Assets/Scripts/TetrisController.cs
  artifactKey: Guid(a3836421632e55b4989b98d6b321fd9f) Importer(815301076,1909f56bfc062723c751e8b465ee728b)
Start importing Assets/Scripts/TetrisController.cs using Guid(a3836421632e55b4989b98d6b321fd9f) Importer(815301076,1909f56bfc062723c751e8b465ee728b)  -> (artifact id: '48f689624b68785b4693941becc91a2c') in 0.003489 seconds
  Import took 0.005966 seconds .

========================================================================
Received Import Request.
  Time since last request: 0.001304 seconds.
  path: Assets/Scripts/TetrisController.cs
  artifactKey: Guid(a3836421632e55b4989b98d6b321fd9f) Importer(815301076,1909f56bfc062723c751e8b465ee728b)
Start importing Assets/Scripts/TetrisController.cs using Guid(a3836421632e55b4989b98d6b321fd9f) Importer(815301076,1909f56bfc062723c751e8b465ee728b)  -> (artifact id: '48f689624b68785b4693941becc91a2c') in 0.001458 seconds
  Import took 0.003872 seconds .

========================================================================
Received Prepare
Registering precompiled user dll's ...
Registered in 0.002766 seconds.
Begin MonoManager ReloadAssembly
Native extension for WindowsStandalone target not found
Native extension for WebGL target not found
Refreshing native plugins compatible for Editor in 0.38 ms, found 3 plugins.
Preloading 0 native plugins for Editor in 0.00 ms.
Mono: successfully reloaded assembly
- Completed reload, in  0.787 seconds
Platform modules already initialized, skipping
Refreshing native plugins compatible for Editor in 0.34 ms, found 3 plugins.
Preloading 0 native plugins for Editor in 0.00 ms.
Unloading 2079 Unused Serialized files (Serialized files now loaded: 0)
System memory in use before: 93.1 MB.
System memory in use after: 93.1 MB.

Unloading 21 unused Assets to reduce memory usage. Loaded Objects now: 2562.
Total: 1.630500 ms (FindLiveObjects: 0.148500 ms CreateObjectMapping: 0.065300 ms MarkObjects: 1.341600 ms  DeleteObjects: 0.074400 ms)

